[0.201s] Invoking command in '/home/jdj688/mavs_ros2/src/mavs-ros2/build/mavs-ros2': CMAKE_PREFIX_PATH=${CMAKE_PREFIX_PATH}:/opt/ros/humble DEBUGINFOD_URLS=https://debuginfod.centos.org/ PS1=Singularity> /usr/bin/cmake --build /home/jdj688/mavs_ros2/src/mavs-ros2/build/mavs-ros2 -- -j96 -l96
[0.341s] [0mCMake Deprecation Warning at CMakeLists.txt:1 (cmake_minimum_required):
[0.341s]   Compatibility with CMake < 3.10 will be removed from a future version of
[0.342s]   CMake.
[0.342s] 
[0.342s]   Update the VERSION argument <min> value.  Or, use the <min>...<max> syntax
[0.342s]   to tell CMake that the project requires at least <min> but has been updated
[0.342s]   to work with policies introduced by <max> or earlier.
[0.342s] 
[0.342s] [0m
[0.362s] -- Found ament_cmake: 1.3.12 (/opt/ros/humble/share/ament_cmake/cmake)
[0.676s] -- Found OpenMP_C: -fopenmp (found version "4.5")
[0.676s] -- Found OpenMP_CXX: -fopenmp (found version "4.5")
[0.926s] -- Found rclcpp: 16.0.14 (/opt/ros/humble/share/rclcpp/cmake)
[0.976s] -- Found rosidl_generator_c: 3.1.7 (/opt/ros/humble/share/rosidl_generator_c/cmake)
[0.987s] -- Found rosidl_adapter: 3.1.7 (/opt/ros/humble/share/rosidl_adapter/cmake)
[0.997s] -- Found rosidl_generator_cpp: 3.1.7 (/opt/ros/humble/share/rosidl_generator_cpp/cmake)
[1.013s] -- Using all available rosidl_typesupport_c: rosidl_typesupport_fastrtps_c;rosidl_typesupport_introspection_c
[1.030s] -- Using all available rosidl_typesupport_cpp: rosidl_typesupport_fastrtps_cpp;rosidl_typesupport_introspection_cpp
[1.105s] -- Found rmw_implementation_cmake: 6.1.2 (/opt/ros/humble/share/rmw_implementation_cmake/cmake)
[1.109s] -- Found rmw_cyclonedds_cpp: 1.3.4 (/opt/ros/humble/share/rmw_cyclonedds_cpp/cmake)
[1.152s] -- Using RMW implementation 'rmw_cyclonedds_cpp' as default
[1.240s] -- Found geometry_msgs: 4.9.0 (/opt/ros/humble/share/geometry_msgs/cmake)
[1.268s] -- Found sensor_msgs: 4.9.0 (/opt/ros/humble/share/sensor_msgs/cmake)
[1.299s] -- Found nav_msgs: 4.9.0 (/opt/ros/humble/share/nav_msgs/cmake)
[1.323s] -- Found tf2: 0.25.15 (/opt/ros/humble/share/tf2/cmake)
[1.331s] -- Found tf2_ros: 0.25.15 (/opt/ros/humble/share/tf2_ros/cmake)
[1.484s] -- Found visualization_msgs: 4.9.0 (/opt/ros/humble/share/visualization_msgs/cmake)
[1.514s] -- Found tf2_geometry_msgs: 0.25.15 (/opt/ros/humble/share/tf2_geometry_msgs/cmake)
[1.523s] -- Found eigen3_cmake_module: 0.1.1 (/opt/ros/humble/share/eigen3_cmake_module/cmake)
[1.525s] -- Ensuring Eigen3 include directory is part of orocos-kdl CMake target
[1.722s] -- Found OpenMP_C: -fopenmp (found version "4.5")
[1.722s] -- Found OpenMP_CXX: -fopenmp (found version "4.5")
[2.104s] -- Configuring done (1.8s)
[3.717s] -- Generating done (1.6s)
[3.992s] -- Build files have been written to: /home/jdj688/mavs_ros2/src/mavs-ros2/build/mavs-ros2
[4.151s] [ 14%] Built target mavs-ros2
[4.299s] [ 21%] [32mBuilding CXX object CMakeFiles/mavs_vehicle_node_scene_creator.dir/src/mavs_vehicle_node_scene_creator.cpp.o[0m
[4.322s] [01m[K/home/jdj688/mavs_ros2/src/mavs-ros2/src/mavs_vehicle_node_scene_creator.cpp:1:10:[m[K [01;31m[Kfatal error: [m[Kmavs_vehicle_node_scene_creator.h: No such file or directory
[4.323s]     1 | #include [01;31m[K"mavs_vehicle_node_scene_creator.h"[m[K
[4.323s]       |          [01;31m[K^~~~~~~~~~~~~~~~~~~~~~~~~~~~~~~~~~~[m[K
[4.325s] compilation terminated.
[4.325s] gmake[2]: *** [CMakeFiles/mavs_vehicle_node_scene_creator.dir/build.make:79: CMakeFiles/mavs_vehicle_node_scene_creator.dir/src/mavs_vehicle_node_scene_creator.cpp.o] Error 1
[4.325s] gmake[1]: *** [CMakeFiles/Makefile2:363: CMakeFiles/mavs_vehicle_node_scene_creator.dir/all] Error 2
[4.325s] gmake[1]: *** Waiting for unfinished jobs....
[4.398s] [ 85%] Built target mavs_lidar_node
[4.402s] [ 85%] Built target mavs_vehicle_node
[4.404s] [ 92%] Built target mavs_localization_node
[4.405s] [ 92%] Built target mavs_pose_aggregator_node
[4.409s] [ 92%] Built target mavs_camera_node
[4.409s] gmake: *** [Makefile:146: all] Error 2
[4.411s] Invoked command in '/home/jdj688/mavs_ros2/src/mavs-ros2/build/mavs-ros2' returned '2': CMAKE_PREFIX_PATH=${CMAKE_PREFIX_PATH}:/opt/ros/humble DEBUGINFOD_URLS=https://debuginfod.centos.org/ PS1=Singularity> /usr/bin/cmake --build /home/jdj688/mavs_ros2/src/mavs-ros2/build/mavs-ros2 -- -j96 -l96
