[0.140s] Invoking command in '/home/jdj688/mavs_ros2/src/mavs-ros2/build/mavs-ros2': CMAKE_PREFIX_PATH=${CMAKE_PREFIX_PATH}:/opt/ros/humble DEBUGINFOD_URLS=https://debuginfod.centos.org/ PS1=Singularity> /usr/bin/cmake --build /home/jdj688/mavs_ros2/src/mavs-ros2/build/mavs-ros2 -- -j96 -l96
[0.370s] [ 14%] Built target mavs-ros2
[0.544s] [ 85%] Built target mavs_localization_node
[0.544s] [ 85%] Built target mavs_camera_node
[0.544s] [ 85%] Built target mavs_lidar_node
[0.544s] [ 85%] Built target mavs_vehicle_node
[0.545s] [ 85%] Built target mavs_pose_aggregator_node
[0.564s] [ 92%] [32mBuilding CXX object CMakeFiles/mavs_vehicle_node_scene_creator.dir/src/mavs_vehicle_node_scene_creator.cpp.o[0m
[5.932s] [01m[K/home/jdj688/mavs_ros2/src/mavs-ros2/src/mavs_vehicle_node_scene_creator.cpp:[m[K In member function â€˜[01m[Kvoid MavsVehicleNode::LoadVehicleAndScene()[m[Kâ€™:
[5.932s] [01m[K/home/jdj688/mavs_ros2/src/mavs-ros2/src/mavs_vehicle_node_scene_creator.cpp:68:29:[m[K [01;31m[Kerror: [m[Kâ€˜[01m[KGetDataPath[m[Kâ€™ was not declared in this scope
[5.932s]    68 |     std::string data_path = [01;31m[KGetDataPath[m[K();
[5.932s]       |                             [01;31m[K^~~~~~~~~~~[m[K
[12.970s] gmake[2]: *** [CMakeFiles/mavs_vehicle_node_scene_creator.dir/build.make:79: CMakeFiles/mavs_vehicle_node_scene_creator.dir/src/mavs_vehicle_node_scene_creator.cpp.o] Error 1
[12.971s] gmake[1]: *** [CMakeFiles/Makefile2:363: CMakeFiles/mavs_vehicle_node_scene_creator.dir/all] Error 2
[12.971s] gmake: *** [Makefile:146: all] Error 2
[12.973s] Invoked command in '/home/jdj688/mavs_ros2/src/mavs-ros2/build/mavs-ros2' returned '2': CMAKE_PREFIX_PATH=${CMAKE_PREFIX_PATH}:/opt/ros/humble DEBUGINFOD_URLS=https://debuginfod.centos.org/ PS1=Singularity> /usr/bin/cmake --build /home/jdj688/mavs_ros2/src/mavs-ros2/build/mavs-ros2 -- -j96 -l96
