[ 14%] Built target mavs-ros2
[ 57%] Built target mavs_pose_aggregator_node
[ 85%] Built target mavs_vehicle_node
[ 85%] Built target mavs_localization_node
[ 85%] Built target mavs_lidar_node
[ 85%] Built target mavs_camera_node
[ 92%] [32mBuilding CXX object CMakeFiles/mavs_vehicle_node_scene_creator.dir/src/mavs_vehicle_node_scene_creator.cpp.o[0m
[01m[K/home/jdj688/mavs_ros2/src/mavs-ros2/src/mavs_vehicle_node_scene_creator.cpp:[m[K In member function â€˜[01m[Kstd::vector<float> MavsVehicleNode::RunSimulation()[m[Kâ€™:
[01m[K/home/jdj688/mavs_ros2/src/mavs-ros2/src/mavs_vehicle_node_scene_creator.cpp:168:11:[m[K [01;35m[Kwarning: [m[Kvariable â€˜[01m[Kdesired_speed[m[Kâ€™ set but not used [[01;35m[K]8;;https://gcc.gnu.org/onlinedocs/gcc/Warning-Options.html#index-Wunused-but-set-variable-Wunused-but-set-variable]8;;[m[K]
  168 |     float [01;35m[Kdesired_speed[m[K = 2.0f;
      |           [01;35m[K^~~~~~~~~~~~~[m[K
[100%] [32m[1mLinking CXX executable mavs_vehicle_node_scene_creator[0m
/usr/bin/ld: CMakeFiles/mavs_vehicle_node_scene_creator.dir/src/mavs_vehicle_node_scene_creator.cpp.o: in function `MavsVehicleNode::MavsVehicleNode()':
mavs_vehicle_node_scene_creator.cpp:(.text+0x824): undefined reference to `MavsVehicleNode::TwistCallback(std::shared_ptr<geometry_msgs::msg::Twist_<std::allocator<void> > >)'
/usr/bin/ld: CMakeFiles/mavs_vehicle_node_scene_creator.dir/src/mavs_vehicle_node_scene_creator.cpp.o: in function `MavsVehicleNode::PrepareSimulationParams()':
mavs_vehicle_node_scene_creator.cpp:(.text+0x15d3): undefined reference to `MavsVehicleNode::LoadVehicleAndScene()'
collect2: error: ld returned 1 exit status
gmake[2]: *** [CMakeFiles/mavs_vehicle_node_scene_creator.dir/build.make:251: mavs_vehicle_node_scene_creator] Error 1
gmake[1]: *** [CMakeFiles/Makefile2:363: CMakeFiles/mavs_vehicle_node_scene_creator.dir/all] Error 2
gmake: *** [Makefile:146: all] Error 2
