[0.162s] Invoking command in '/home/jdj688/mavs_ros2/src/mavs-ros2/build/mavs-ros2': CMAKE_PREFIX_PATH=${CMAKE_PREFIX_PATH}:/opt/ros/humble DEBUGINFOD_URLS=https://debuginfod.centos.org/ PS1=Singularity> /usr/bin/cmake --build /home/jdj688/mavs_ros2/src/mavs-ros2/build/mavs-ros2 -- -j96 -l96
[0.421s] [ 14%] Built target mavs-ros2
[0.664s] [ 57%] Built target mavs_pose_aggregator_node
[0.680s] [ 85%] Built target mavs_vehicle_node
[0.680s] [ 85%] Built target mavs_localization_node
[0.681s] [ 85%] Built target mavs_lidar_node
[0.681s] [ 85%] Built target mavs_camera_node
[0.701s] [ 92%] [32mBuilding CXX object CMakeFiles/mavs_vehicle_node_scene_creator.dir/src/mavs_vehicle_node_scene_creator.cpp.o[0m
[6.204s] [01m[K/home/jdj688/mavs_ros2/src/mavs-ros2/src/mavs_vehicle_node_scene_creator.cpp:[m[K In member function â€˜[01m[Kstd::vector<float> MavsVehicleNode::RunSimulation()[m[Kâ€™:
[6.204s] [01m[K/home/jdj688/mavs_ros2/src/mavs-ros2/src/mavs_vehicle_node_scene_creator.cpp:168:11:[m[K [01;35m[Kwarning: [m[Kvariable â€˜[01m[Kdesired_speed[m[Kâ€™ set but not used [[01;35m[K]8;;https://gcc.gnu.org/onlinedocs/gcc/Warning-Options.html#index-Wunused-but-set-variable-Wunused-but-set-variable]8;;[m[K]
[6.204s]   168 |     float [01;35m[Kdesired_speed[m[K = 2.0f;
[6.204s]       |           [01;35m[K^~~~~~~~~~~~~[m[K
[20.619s] [100%] [32m[1mLinking CXX executable mavs_vehicle_node_scene_creator[0m
[21.400s] /usr/bin/ld: CMakeFiles/mavs_vehicle_node_scene_creator.dir/src/mavs_vehicle_node_scene_creator.cpp.o: in function `MavsVehicleNode::MavsVehicleNode()':
[21.400s] mavs_vehicle_node_scene_creator.cpp:(.text+0x824): undefined reference to `MavsVehicleNode::TwistCallback(std::shared_ptr<geometry_msgs::msg::Twist_<std::allocator<void> > >)'
[21.400s] /usr/bin/ld: CMakeFiles/mavs_vehicle_node_scene_creator.dir/src/mavs_vehicle_node_scene_creator.cpp.o: in function `MavsVehicleNode::PrepareSimulationParams()':
[21.400s] mavs_vehicle_node_scene_creator.cpp:(.text+0x15d3): undefined reference to `MavsVehicleNode::LoadVehicleAndScene()'
[21.532s] collect2: error: ld returned 1 exit status
[21.536s] gmake[2]: *** [CMakeFiles/mavs_vehicle_node_scene_creator.dir/build.make:251: mavs_vehicle_node_scene_creator] Error 1
[21.537s] gmake[1]: *** [CMakeFiles/Makefile2:363: CMakeFiles/mavs_vehicle_node_scene_creator.dir/all] Error 2
[21.537s] gmake: *** [Makefile:146: all] Error 2
[21.540s] Invoked command in '/home/jdj688/mavs_ros2/src/mavs-ros2/build/mavs-ros2' returned '2': CMAKE_PREFIX_PATH=${CMAKE_PREFIX_PATH}:/opt/ros/humble DEBUGINFOD_URLS=https://debuginfod.centos.org/ PS1=Singularity> /usr/bin/cmake --build /home/jdj688/mavs_ros2/src/mavs-ros2/build/mavs-ros2 -- -j96 -l96
