[01m[K/home/jdj688/mavs_ros2/src/mavs-ros2/src/mavs_vehicle_node_scene_creator.cpp:[m[K In member function â€˜[01m[Kvoid MavsVehicleNode::LoadVehicleAndScene()[m[Kâ€™:
[01m[K/home/jdj688/mavs_ros2/src/mavs-ros2/src/mavs_vehicle_node_scene_creator.cpp:68:20:[m[K [01;31m[Kerror: [m[Kâ€˜[01m[KGetDataPath[m[Kâ€™ was not declared in this scope
   68 |     mavs_veh_.Load([01;31m[KGetDataPath[m[K() + "/vehicles/rp3d_veh/sample_vehicle.json");
      |                    [01;31m[K^~~~~~~~~~~[m[K
gmake[2]: *** [CMakeFiles/mavs_vehicle_node_scene_creator.dir/build.make:79: CMakeFiles/mavs_vehicle_node_scene_creator.dir/src/mavs_vehicle_node_scene_creator.cpp.o] Error 1
gmake[1]: *** [CMakeFiles/Makefile2:363: CMakeFiles/mavs_vehicle_node_scene_creator.dir/all] Error 2
gmake: *** [Makefile:146: all] Error 2
