[0.128s] Invoking command in '/home/jdj688/mavs_ros2/src/mavs-ros2/build/mavs-ros2': CMAKE_PREFIX_PATH=${CMAKE_PREFIX_PATH}:/opt/ros/humble DEBUGINFOD_URLS=https://debuginfod.centos.org/ PS1=Singularity> /usr/bin/cmake --build /home/jdj688/mavs_ros2/src/mavs-ros2/build/mavs-ros2 -- -j96 -l96
[0.237s] [0mCMake Deprecation Warning at CMakeLists.txt:1 (cmake_minimum_required):
[0.237s]   Compatibility with CMake < 3.10 will be removed from a future version of
[0.237s]   CMake.
[0.237s] 
[0.237s]   Update the VERSION argument <min> value.  Or, use the <min>...<max> syntax
[0.237s]   to tell CMake that the project requires at least <min> but has been updated
[0.237s]   to work with policies introduced by <max> or earlier.
[0.237s] 
[0.237s] [0m
[0.258s] -- Found ament_cmake: 1.3.12 (/opt/ros/humble/share/ament_cmake/cmake)
[0.577s] -- Found OpenMP_C: -fopenmp (found version "4.5")
[0.577s] -- Found OpenMP_CXX: -fopenmp (found version "4.5")
[0.850s] -- Found rclcpp: 16.0.14 (/opt/ros/humble/share/rclcpp/cmake)
[0.918s] -- Found rosidl_generator_c: 3.1.7 (/opt/ros/humble/share/rosidl_generator_c/cmake)
[0.924s] -- Found rosidl_adapter: 3.1.7 (/opt/ros/humble/share/rosidl_adapter/cmake)
[0.934s] -- Found rosidl_generator_cpp: 3.1.7 (/opt/ros/humble/share/rosidl_generator_cpp/cmake)
[0.951s] -- Using all available rosidl_typesupport_c: rosidl_typesupport_fastrtps_c;rosidl_typesupport_introspection_c
[0.976s] -- Using all available rosidl_typesupport_cpp: rosidl_typesupport_fastrtps_cpp;rosidl_typesupport_introspection_cpp
[1.032s] -- Found rmw_implementation_cmake: 6.1.2 (/opt/ros/humble/share/rmw_implementation_cmake/cmake)
[1.036s] -- Found rmw_cyclonedds_cpp: 1.3.4 (/opt/ros/humble/share/rmw_cyclonedds_cpp/cmake)
[1.072s] -- Using RMW implementation 'rmw_cyclonedds_cpp' as default
[1.170s] -- Found geometry_msgs: 4.9.0 (/opt/ros/humble/share/geometry_msgs/cmake)
[1.188s] -- Found sensor_msgs: 4.9.0 (/opt/ros/humble/share/sensor_msgs/cmake)
[1.212s] -- Found nav_msgs: 4.9.0 (/opt/ros/humble/share/nav_msgs/cmake)
[1.247s] -- Found tf2: 0.25.15 (/opt/ros/humble/share/tf2/cmake)
[1.256s] -- Found tf2_ros: 0.25.15 (/opt/ros/humble/share/tf2_ros/cmake)
[1.395s] -- Found visualization_msgs: 4.9.0 (/opt/ros/humble/share/visualization_msgs/cmake)
[1.428s] -- Found tf2_geometry_msgs: 0.25.15 (/opt/ros/humble/share/tf2_geometry_msgs/cmake)
[1.439s] -- Found eigen3_cmake_module: 0.1.1 (/opt/ros/humble/share/eigen3_cmake_module/cmake)
[1.441s] -- Ensuring Eigen3 include directory is part of orocos-kdl CMake target
[1.625s] -- Found OpenMP_C: -fopenmp (found version "4.5")
[1.626s] -- Found OpenMP_CXX: -fopenmp (found version "4.5")
[2.076s] -- Configuring done (1.9s)
[3.662s] -- Generating done (1.6s)
[3.939s] -- Build files have been written to: /home/jdj688/mavs_ros2/src/mavs-ros2/build/mavs-ros2
[4.190s] [ 14%] Built target mavs-ros2
[4.394s] [ 78%] [32mBuilding CXX object CMakeFiles/mavs_vehicle_node_scene_creator.dir/src/mavs_vehicle_node_scene_creator.cpp.o[0m
[4.405s] [ 78%] Built target mavs_lidar_node
[4.405s] [ 78%] Built target mavs_localization_node
[4.408s] [ 92%] Built target mavs_camera_node
[4.409s] [ 92%] Built target mavs_vehicle_node
[4.410s] [ 92%] Built target mavs_pose_aggregator_node
[9.765s] [01m[K/home/jdj688/mavs_ros2/src/mavs-ros2/src/mavs_vehicle_node_scene_creator.cpp:[m[K In member function â€˜[01m[Kstd::vector<float> MavsVehicleNode::RunSimulation()[m[Kâ€™:
[9.765s] [01m[K/home/jdj688/mavs_ros2/src/mavs-ros2/src/mavs_vehicle_node_scene_creator.cpp:168:11:[m[K [01;35m[Kwarning: [m[Kvariable â€˜[01m[Kdesired_speed[m[Kâ€™ set but not used [[01;35m[K]8;;https://gcc.gnu.org/onlinedocs/gcc/Warning-Options.html#index-Wunused-but-set-variable-Wunused-but-set-variable]8;;[m[K]
[9.765s]   168 |     float [01;35m[Kdesired_speed[m[K = 2.0f;
[9.765s]       |           [01;35m[K^~~~~~~~~~~~~[m[K
[24.232s] [100%] [32m[1mLinking CXX executable mavs_vehicle_node_scene_creator[0m
[25.016s] /usr/bin/ld: CMakeFiles/mavs_vehicle_node_scene_creator.dir/src/mavs_vehicle_node_scene_creator.cpp.o: in function `MavsVehicleNode::MavsVehicleNode()':
[25.016s] mavs_vehicle_node_scene_creator.cpp:(.text+0x824): undefined reference to `MavsVehicleNode::TwistCallback(std::shared_ptr<geometry_msgs::msg::Twist_<std::allocator<void> > >)'
[25.016s] /usr/bin/ld: CMakeFiles/mavs_vehicle_node_scene_creator.dir/src/mavs_vehicle_node_scene_creator.cpp.o: in function `MavsVehicleNode::PrepareSimulationParams()':
[25.016s] mavs_vehicle_node_scene_creator.cpp:(.text+0x15d3): undefined reference to `MavsVehicleNode::LoadVehicleAndScene()'
[25.148s] collect2: error: ld returned 1 exit status
[25.151s] gmake[2]: *** [CMakeFiles/mavs_vehicle_node_scene_creator.dir/build.make:251: mavs_vehicle_node_scene_creator] Error 1
[25.152s] gmake[1]: *** [CMakeFiles/Makefile2:363: CMakeFiles/mavs_vehicle_node_scene_creator.dir/all] Error 2
[25.152s] gmake: *** [Makefile:146: all] Error 2
[25.155s] Invoked command in '/home/jdj688/mavs_ros2/src/mavs-ros2/build/mavs-ros2' returned '2': CMAKE_PREFIX_PATH=${CMAKE_PREFIX_PATH}:/opt/ros/humble DEBUGINFOD_URLS=https://debuginfod.centos.org/ PS1=Singularity> /usr/bin/cmake --build /home/jdj688/mavs_ros2/src/mavs-ros2/build/mavs-ros2 -- -j96 -l96
